
=== OS Identification ===
NAME="Debian GNU/Linux"
VERSION_ID="11"
ID=debian
etc_issue=Debian GNU/Linux 11 
 \l

=== Kernel & Compiler ===
Linux debian11-fingerprint 6.10.14-linuxkit #1 SMP Sat May 17 08:28:57 UTC 2025 aarch64 GNU/Linux
Linux version 6.10.14-linuxkit (root@buildkitsandbox) (gcc (Alpine 13.2.1_git20240309) 13.2.1 20240309, GNU ld (GNU Binutils) 2.42) #1 SMP Sat May 17 08:28:57 UTC 2025

=== glibc Version ===
glibc (getconf): 2.31

=== Init (PID 1) & systemd ===
  PID  PPID COMMAND         COMMAND
    1     0 bash            bash -c while true; do sleep 10000; done
systemd 247 (247.3-7+deb11u6)

=== Cgroup Hierarchy ===
cgroup: v1
/dev/vda1 on /sys/fs/cgroup type ext4 (rw,relatime,discard)

=== Python Versions ===
python: not installed
python2: not installed
python3: Python 3.9.2

=== Package Managers ===
apt: present
dpkg: present

=== Filesystem & Tools ===
rootfs=overlay
mke2fs 1.46.2 (28-Feb-2021)

=== Shell & BusyBox ===
/bin/dash

=== Synology Service Tooling ===

=== Logging Stack ===
rsyslogd: not installed
systemd 247 (247.3-7+deb11u6)

=== Security Frameworks ===
AppArmor: not detected

=== Firewall Tools ===

=== Locale & Timezone ===
LANG=
timezone: UTC

=== Loaded Kernel Modules (partial) ===

Fingerprint complete.
