
=== OS Identification ===
NAME="Ubuntu"
ID=ubuntu
VERSION_ID="20.04"
etc_issue=Ubuntu 20.04.6 LTS 
 \l

=== Kernel & Compiler ===
Linux ubuntu2004-fingerprint 6.10.14-linuxkit #1 SMP Sat May 17 08:28:57 UTC 2025 aarch64 aarch64 aarch64 GNU/Linux
Linux version 6.10.14-linuxkit (root@buildkitsandbox) (gcc (Alpine 13.2.1_git20240309) 13.2.1 20240309, GNU ld (GNU Binutils) 2.42) #1 SMP Sat May 17 08:28:57 UTC 2025

=== glibc Version ===
glibc (getconf): 2.31

=== Init (PID 1) & systemd ===
  PID  PPID COMMAND         COMMAND
    1     0 bash            bash -c while true; do sleep 10000; done
systemd 245 (245.4-4ubuntu3.24)

=== Cgroup Hierarchy ===
cgroup: v1
/dev/vda1 on /sys/fs/cgroup type ext4 (rw,relatime,discard)

=== Python Versions ===
python: not installed
python2: not installed
python3: Python 3.8.10

=== Package Managers ===
apt: present
dpkg: present

=== Filesystem & Tools ===
rootfs=overlay
mke2fs 1.45.5 (07-Jan-2020)

=== Shell & BusyBox ===
/usr/bin/dash

=== Synology Service Tooling ===

=== Logging Stack ===
systemd 245 (245.4-4ubuntu3.24)

=== Security Frameworks ===
AppArmor: not detected

=== Firewall Tools ===

=== Locale & Timezone ===
LANG=
timezone: UTC

=== Loaded Kernel Modules (partial) ===

Fingerprint complete.
